Arguments: 
  /usr/local/Cellar/node/14.11.0/bin/node /usr/local/Cellar/yarn/1.22.5/libexec/bin/yarn.js add FFmpeg

PATH: 
  /usr/local/bin:/usr/bin:/bin:/usr/sbin:/sbin:/Library/Apple/usr/bin

Yarn version: 
  1.22.5

Node version: 
  14.11.0

Platform: 
  darwin x64

Trace: 
  Error: https://registry.yarnpkg.com/FFmpeg: Not found
      at Request.params.callback [as _callback] (/usr/local/Cellar/yarn/1.22.5/libexec/lib/cli.js:66988:18)
      at Request.self.callback (/usr/local/Cellar/yarn/1.22.5/libexec/lib/cli.js:140749:22)
      at Request.emit (events.js:314:20)
      at Request.<anonymous> (/usr/local/Cellar/yarn/1.22.5/libexec/lib/cli.js:141721:10)
      at Request.emit (events.js:314:20)
      at IncomingMessage.<anonymous> (/usr/local/Cellar/yarn/1.22.5/libexec/lib/cli.js:141643:12)
      at Object.onceWrapper (events.js:420:28)
      at IncomingMessage.emit (events.js:326:22)
      at endReadableNT (_stream_readable.js:1252:12)
      at processTicksAndRejections (internal/process/task_queues.js:80:21)

npm manifest: 
  {
    "name": "discordbot",
    "version": "1.0.0",
    "description": "",
    "main": "index.js",
    "scripts": {
      "test": "echo \"Error: no test specified\" && exit 1"
    },
    "author": "",
    "license": "ISC",
    "dependencies": {
      "discord.js-commando": "^0.10.0"
    }
  }

yarn manifest: 
  No manifest

Lockfile: 
  # THIS IS AN AUTOGENERATED FILE. DO NOT EDIT THIS FILE DIRECTLY.
  # yarn lockfile v1
  
  
  common-tags@^1.0.0:
    version "1.8.0"
    resolved "https://registry.yarnpkg.com/common-tags/-/common-tags-1.8.0.tgz#8e3153e542d4a39e9b10554434afaaf98956a937"
    integrity sha512-6P6g0uetGpW/sdyUy/iQQCbFF0kWVMSIVSyYz7Zgjcgh8mgw8PQzDNZeyZ5DQ2gM7LBoZPHmnjz8rUthkBG5tw==
  
  discord.js-commando@^0.10.0:
    version "0.10.0"
    resolved "https://registry.yarnpkg.com/discord.js-commando/-/discord.js-commando-0.10.0.tgz#bfa98bf3310870376f3c7a0d7b736a6a3e5d0a0f"
    integrity sha1-v6mL8zEIcDdvPHoNe3Nqaj5dCg8=
    dependencies:
      common-tags "^1.0.0"
      escape-string-regexp "^1.0.0"
      require-all "^2.0.0"
  
  escape-string-regexp@^1.0.0:
    version "1.0.5"
    resolved "https://registry.yarnpkg.com/escape-string-regexp/-/escape-string-regexp-1.0.5.tgz#1b61c0562190a8dff6ae3bb2cf0200ca130b86d4"
    integrity sha1-G2HAViGQqN/2rjuyzwIAyhMLhtQ=
  
  require-all@^2.0.0:
    version "2.2.0"
    resolved "https://registry.yarnpkg.com/require-all/-/require-all-2.2.0.tgz#b4420c233ac0282d0ff49b277fb880a8b5de0894"
    integrity sha1-tEIMIzrAKC0P9Jsnf7iAqLXeCJQ=
